<?xml version="1.0" encoding="UTF-8"?>
<robot generator="Robot 4.0.3 (Python 3.9.6 on win32)" generated="20210726 17:34:22.101" rpa="false" schemaversion="2">
<suite id="s1" name="FlipkartTest" source="D:\Flipkart\FlipkartTest.robot">
<test id="s1-t1" name="Login Flipkart">
<kw name="Open Browser" library="SeleniumLibrary">
<arg>${URL}</arg>
<arg>${Browser}</arg>
<doc>Opens a new browser instance to the optional ``url``.</doc>
<msg timestamp="20210726 17:34:22.588" level="INFO">Opening browser 'chrome' to base url 'https://www.flipkart.com/'.</msg>
<status status="PASS" starttime="20210726 17:34:22.588" endtime="20210726 17:34:28.710"/>
</kw>
<kw name="Maximize Browser Window" library="SeleniumLibrary">
<doc>Maximizes current browser window.</doc>
<status status="PASS" starttime="20210726 17:34:28.711" endtime="20210726 17:34:28.890"/>
</kw>
<kw name="Open Flipkart">
<kw name="Input Text" library="SeleniumLibrary">
<arg>xpath://input[@class='_2IX_2- VJZDxU']</arg>
<arg>9334113534</arg>
<doc>Types the given ``text`` into the text field identified by ``locator``.</doc>
<msg timestamp="20210726 17:34:28.893" level="INFO">Typing text '9334113534' into text field 'xpath://input[@class='_2IX_2- VJZDxU']'.</msg>
<status status="PASS" starttime="20210726 17:34:28.892" endtime="20210726 17:34:29.246"/>
</kw>
<kw name="Input Text" library="SeleniumLibrary">
<arg>xpath://input[@class='_2IX_2- _3mctLh VJZDxU']</arg>
<arg>Flipkart@12</arg>
<doc>Types the given ``text`` into the text field identified by ``locator``.</doc>
<msg timestamp="20210726 17:34:29.247" level="INFO">Typing text 'Flipkart@12' into text field 'xpath://input[@class='_2IX_2- _3mctLh VJZDxU']'.</msg>
<status status="PASS" starttime="20210726 17:34:29.247" endtime="20210726 17:34:29.627"/>
</kw>
<kw name="Click Element" library="SeleniumLibrary">
<arg>xpath://button[@class='_2KpZ6l _2HKlqd _3AWRsL']</arg>
<doc>Click the element identified by ``locator``.</doc>
<msg timestamp="20210726 17:34:29.630" level="INFO">Clicking element 'xpath://button[@class='_2KpZ6l _2HKlqd _3AWRsL']'.</msg>
<status status="PASS" starttime="20210726 17:34:29.629" endtime="20210726 17:34:29.815"/>
</kw>
<kw name="Sleep" library="BuiltIn">
<arg>5</arg>
<doc>Pauses the test executed for the given time.</doc>
<msg timestamp="20210726 17:34:34.818" level="INFO">Slept 5 seconds</msg>
<status status="PASS" starttime="20210726 17:34:29.816" endtime="20210726 17:34:34.818"/>
</kw>
<status status="PASS" starttime="20210726 17:34:28.891" endtime="20210726 17:34:34.819"/>
</kw>
<kw name="GoTo Electronics">
<kw name="Click Element" library="SeleniumLibrary">
<arg>xpath://img[@alt='Electronics']</arg>
<doc>Click the element identified by ``locator``.</doc>
<msg timestamp="20210726 17:34:34.821" level="INFO">Clicking element 'xpath://img[@alt='Electronics']'.</msg>
<status status="PASS" starttime="20210726 17:34:34.821" endtime="20210726 17:34:34.981"/>
</kw>
<kw name="Sleep" library="BuiltIn">
<arg>5</arg>
<doc>Pauses the test executed for the given time.</doc>
<msg timestamp="20210726 17:34:39.995" level="INFO">Slept 5 seconds</msg>
<status status="PASS" starttime="20210726 17:34:34.982" endtime="20210726 17:34:39.995"/>
</kw>
<status status="PASS" starttime="20210726 17:34:34.820" endtime="20210726 17:34:39.996"/>
</kw>
<kw name="Scroll Page">
<kw name="Scroll Element Into View" library="SeleniumLibrary">
<arg>xpath://div[@id='container']/div[1]/div[3]/div[12]/div[1]/div[1]/a[1]/div[1]/img[2]</arg>
<doc>Scrolls the element identified by ``locator`` into view.</doc>
<status status="PASS" starttime="20210726 17:34:39.999" endtime="20210726 17:34:40.354"/>
</kw>
<kw name="Sleep" library="BuiltIn">
<arg>3</arg>
<doc>Pauses the test executed for the given time.</doc>
<msg timestamp="20210726 17:34:43.357" level="INFO">Slept 3 seconds</msg>
<status status="PASS" starttime="20210726 17:34:40.355" endtime="20210726 17:34:43.358"/>
</kw>
<status status="PASS" starttime="20210726 17:34:39.998" endtime="20210726 17:34:43.358"/>
</kw>
<kw name="Click Category">
<kw name="Click Element" library="SeleniumLibrary">
<arg>xpath://div[@id='container']/div[1]/div[3]/div[12]/div[1]/div[1]/a[1]/div[1]/img[2]</arg>
<doc>Click the element identified by ``locator``.</doc>
<msg timestamp="20210726 17:34:43.362" level="INFO">Clicking element 'xpath://div[@id='container']/div[1]/div[3]/div[12]/div[1]/div[1]/a[1]/div[1]/img[2]'.</msg>
<status status="PASS" starttime="20210726 17:34:43.361" endtime="20210726 17:34:43.471"/>
</kw>
<kw name="Sleep" library="BuiltIn">
<arg>2</arg>
<doc>Pauses the test executed for the given time.</doc>
<msg timestamp="20210726 17:34:45.481" level="INFO">Slept 2 seconds</msg>
<status status="PASS" starttime="20210726 17:34:43.471" endtime="20210726 17:34:45.481"/>
</kw>
<status status="PASS" starttime="20210726 17:34:43.360" endtime="20210726 17:34:45.482"/>
</kw>
<kw name="Search for Items">
<kw name="Scroll Element Into View" library="SeleniumLibrary">
<arg>xpath://div[@id='container']/div[1]/div[3]/div[1]/div[2]/div[5]/div[1]/div[2]/div[1]/a[1]/div[1]/div[1]/div[1]/img[1]</arg>
<doc>Scrolls the element identified by ``locator`` into view.</doc>
<status status="PASS" starttime="20210726 17:34:45.489" endtime="20210726 17:34:45.838"/>
</kw>
<kw name="Click Element" library="SeleniumLibrary">
<arg>xpath://div[@id='container']/div[1]/div[3]/div[1]/div[2]/div[5]/div[1]/div[2]/div[1]/a[1]/div[1]/div[1]/div[1]/img[1]</arg>
<doc>Click the element identified by ``locator``.</doc>
<msg timestamp="20210726 17:34:45.839" level="INFO">Clicking element 'xpath://div[@id='container']/div[1]/div[3]/div[1]/div[2]/div[5]/div[1]/div[2]/div[1]/a[1]/div[1]/div[1]/div[1]/img[1]'.</msg>
<status status="PASS" starttime="20210726 17:34:45.838" endtime="20210726 17:34:46.058"/>
</kw>
<kw name="Sleep" library="BuiltIn">
<arg>2</arg>
<doc>Pauses the test executed for the given time.</doc>
<msg timestamp="20210726 17:34:48.064" level="INFO">Slept 2 seconds</msg>
<status status="PASS" starttime="20210726 17:34:46.058" endtime="20210726 17:34:48.064"/>
</kw>
<status status="PASS" starttime="20210726 17:34:45.484" endtime="20210726 17:34:48.065"/>
</kw>
<status status="PASS" starttime="20210726 17:34:22.587" endtime="20210726 17:34:48.066"/>
</test>
<status status="PASS" starttime="20210726 17:34:22.105" endtime="20210726 17:34:48.070"/>
</suite>
<statistics>
<total>
<stat pass="1" fail="0" skip="0">All Tests</stat>
</total>
<tag>
</tag>
<suite>
<stat pass="1" fail="0" skip="0" id="s1" name="FlipkartTest">FlipkartTest</stat>
</suite>
</statistics>
<errors>
</errors>
</robot>
